20221005	12:06:41	2d110c26-9b4b-47ec-aca0-e85bc5ee22f6	GET	/	undefined
20221005	12:07:21	445e65fb-7df2-485e-86f9-71e6b4e95937	GET	/	undefined
20221005	12:07:52	69b8b4be-6008-4e6d-a2c0-ca4d9d0e8268	GET	/	undefined
20221005	12:07:54	3294ce62-d898-4b7e-81b6-f3e990d1a028	GET	/	undefined
20221005	12:09:38	d524ab83-76f3-4045-847c-8e177e5d495c	GET	/	undefined
20221005	12:09:38	a96212e2-b686-4922-a6e1-53b89c831aa7	GET	/css/style.css	undefined
20221006	15:02:12	690934af-bf84-48f1-b55d-7b1f1f5434f1	GET	/	undefined
20221006	15:02:12	ea2bd81e-27dc-4575-984c-e914389505b5	GET	/css/style.css	undefined
20221006	15:02:13	75dea656-68a7-47f5-8aa6-7ff73b4cc8e0	GET	/favicon.ico	undefined
20221006	15:02:58	fe0a4580-ff67-4089-b8b6-6e3ed86e4dd6	GET	/users	undefined
20221006	15:07:07	3a0233be-b5a3-4d62-9cf1-44b2aadc9800	GET	/users	undefined
20221006	15:09:36	bd2ce443-ff3a-478b-90c0-6ece0597dc87	POST	/users	undefined
20221006	15:11:01	776060da-5a55-40aa-8bb4-b89d5d852a0f	POST	/users	undefined
20221006	15:11:05	1cf279a7-6cad-49e3-afaf-e79f8bccd8b6	GET	/users	undefined
20221006	15:13:01	52de1b75-532d-456f-8947-77d9b0e0d84a	GET	/users	undefined
20221006	15:13:09	31ada245-f3d5-42eb-9c99-0a770c88fb35	POST	/users	undefined
20221006	15:13:30	88a66567-42a0-4ea1-b47b-e12769608f83	POST	/users	undefined
20221006	15:13:47	ece3c375-8da2-4673-9ef4-e73ea9df4ee2	GET	/users	undefined
20221006	15:16:09	f9dcbfb7-98cf-4b3a-b4c5-8c18b04b04ad	POST	/users	undefined
20221006	15:16:35	5d53baf5-e8c3-4ca2-a061-3d7965d731c5	POST	/users	undefined
20221006	15:17:16	5a9ad62f-33f3-48bf-a1fe-d3fb4b47f66a	POST	/users	undefined
20221006	15:17:21	36d828c9-8953-40e8-9f64-4f2932867e29	POST	/users	undefined
20221006	15:17:26	655fbad5-f250-4f92-96b4-d993d91926eb	POST	/users	undefined
20221006	15:18:23	bbea32da-9aee-4956-bdb1-a0cad06ed012	POST	/users	undefined
20221006	15:18:35	177c6376-6b31-4e93-b1f9-b339e9888ab5	POST	/users	undefined
20221006	15:18:44	a6ca4e01-399e-4c6a-b470-c54fe801e1ba	POST	/users	undefined
20221006	15:18:50	f6c7e8fc-688f-40fd-bffb-6dfd099650ed	GET	/users	undefined
20221006	15:20:09	2b4df4d1-e255-42a2-be01-c1bd01a0bb8d	DELETE	/users	undefined
20221006	15:20:13	0c678b2f-afe5-4e0b-974c-08990148569a	GET	/users	undefined
20221006	15:24:09	45a8a3fc-8ae0-48b7-bf8b-3f1bc9d7994f	PATCH	/users	undefined
20221006	15:24:57	6df4dc16-bb90-443d-aabd-2616bb82eb05	PATCH	/users	undefined
20221006	15:26:23	c1becca6-1c9d-46cd-91b7-e7e0506da968	PATCH	/users	undefined
20221006	15:26:25	82de9c79-fccd-485e-9827-6a670440c740	GET	/users	undefined
20221006	15:28:11	fc976417-2eb1-4182-be9d-8071835ec8c5	POST	/users	undefined
20221006	15:28:15	aaacf579-3e57-45f9-9292-f4d9b0dba08f	GET	/users	undefined
20221006	15:28:30	1d115ede-8c47-4203-a47b-e61e6b17f1af	PATCH	/users	undefined
20221006	15:28:40	ebd42dec-5efc-403e-abf8-c59676c07540	PATCH	/users	undefined
20221006	15:28:43	3b81ec2a-3449-4b48-a018-819cd43aa26b	GET	/users	undefined
20221006	15:31:15	181faaa2-a07c-4b1e-8013-38564b50b4ab	GET	/users	undefined
20221006	15:31:27	aac50b10-6875-425d-8e71-e0de412ad56e	DELETE	/users	undefined
20221006	15:31:37	8f08160b-4f96-4931-bf6c-92c7e97a10f0	DELETE	/users	undefined
20221006	15:31:40	ed243aba-bd09-45f1-b30c-77f5769a7938	GET	/users	undefined
